<?xml version="1.0" encoding="UTF-8"?>
<!-- Generated by org.testng.reporters.JUnitXMLReporter -->
<testsuite ignored="4" hostname="administrator" failures="6" tests="11" name="Surefire test" time="19.069" errors="0" timestamp="2026-09-05T14:47:30 IST">
  <testcase classname="eventHubTests.CreateEventPageTest" name="MoveToEventPageTest" time="7.251"/>
  <testcase classname="eventHubTests.CreateEventPageTest" name="EventPageTitleTest" time="0.009"/>
  <testcase classname="eventHubTests.CreateEventPageTest" name="EventPageUrlTest" time="0.001"/>
  <testcase classname="eventHubTests.CreateEventPageTest" name="CreateNewEventTest" time="2.563"/>
  <testcase classname="eventHubTests.CreateEventPageTest" name="ToCheckEventIsAdded" time="0.314"/>
  <testcase classname="eventHubTests.HomePageTest" name="LoginSuccessFullToHomePageTest" time="0.002">
    <failure type="java.lang.NullPointerException">
      <![CDATA[java.lang.NullPointerException
at eventHubTests.HomePageTest.LoginSuccessFullToHomePageTest(HomePageTest.java:14)
at java.base/java.util.ArrayList.forEach(ArrayList.java:1541)
... Removed 32 stack frames]]>
    </failure>
  </testcase> <!-- LoginSuccessFullToHomePageTest -->
  <testcase classname="eventHubTests.HomePageTest" name="HomepageTitleTest" time="0.001">
    <failure type="java.lang.NullPointerException">
      <![CDATA[java.lang.NullPointerException
at eventHubTests.HomePageTest.HomepageTitleTest(HomePageTest.java:19)
at java.base/java.util.ArrayList.forEach(ArrayList.java:1541)
... Removed 32 stack frames]]>
    </failure>
  </testcase> <!-- HomepageTitleTest -->
  <testcase classname="eventHubTests.HomePageTest" name="HomePageUrlTest" time="0.001">
    <failure type="java.lang.NullPointerException">
      <![CDATA[java.lang.NullPointerException
at eventHubTests.HomePageTest.HomePageUrlTest(HomePageTest.java:25)
at java.base/java.util.ArrayList.forEach(ArrayList.java:1541)
... Removed 32 stack frames]]>
    </failure>
  </testcase> <!-- HomePageUrlTest -->
  <testcase classname="eventHubTests.LoginPageTest" name="LoginTitlePageTest" time="0.001">
    <failure type="java.lang.NullPointerException">
      <![CDATA[java.lang.NullPointerException
at eventHubTests.LoginPageTest.LoginTitlePageTest(LoginPageTest.java:16)
at java.base/java.util.ArrayList.forEach(ArrayList.java:1541)
... Removed 32 stack frames]]>
    </failure>
  </testcase> <!-- LoginTitlePageTest -->
  <testcase classname="eventHubTests.LoginPageTest" name="LoginPageURLTest" time="0.002">
    <failure type="java.lang.NullPointerException">
      <![CDATA[java.lang.NullPointerException
at eventHubTests.LoginPageTest.LoginPageURLTest(LoginPageTest.java:22)
at java.base/java.util.ArrayList.forEach(ArrayList.java:1541)
... Removed 32 stack frames]]>
    </failure>
  </testcase> <!-- LoginPageURLTest -->
  <testcase classname="eventHubTests.LoginPageTest" name="LoginToLoginPageTest" time="0.002">
    <failure type="java.lang.NullPointerException">
      <![CDATA[java.lang.NullPointerException
at eventHubTests.LoginPageTest.LoginToLoginPageTest(LoginPageTest.java:29)
at java.base/java.util.ArrayList.forEach(ArrayList.java:1541)
... Removed 32 stack frames]]>
    </failure>
  </testcase> <!-- LoginToLoginPageTest -->
  <testcase classname="eventHub.Base.BaseTest" name="@BeforeTest setUp" time="0.0">
    <ignored/>
  </testcase> <!-- @BeforeTest setUp -->
  <testcase classname="eventHub.Base.BaseTest" name="@BeforeTest setUp" time="0.0">
    <ignored/>
  </testcase> <!-- @BeforeTest setUp -->
  <testcase classname="eventHub.Base.BaseTest" name="@AfterTest tearDown" time="0.0">
    <ignored/>
  </testcase> <!-- @AfterTest tearDown -->
  <testcase classname="eventHub.Base.BaseTest" name="@AfterTest tearDown" time="0.0">
    <ignored/>
  </testcase> <!-- @AfterTest tearDown -->
</testsuite> <!-- Surefire test -->
