<?xml version="1.0" encoding="UTF-8"?>
<!-- Generated by org.testng.reporters.JUnitXMLReporter -->
<testsuite ignored="5" hostname="administrator" failures="0" tests="0" time="0.029" errors="0" timestamp="2026-09-05T22:18:53 IST">
  <testcase classname="eventHubTests.CreateEventPageTest" name="EventPageUrlTest" time="0.0">
    <ignored/>
  </testcase> <!-- EventPageUrlTest -->
  <testcase classname="eventHubTests.CreateEventPageTest" name="EventPageTitleTest" time="0.0">
    <ignored/>
  </testcase> <!-- EventPageTitleTest -->
  <testcase classname="eventHubTests.CreateEventPageTest" name="MoveToEventPageTest" time="0.0">
    <ignored/>
  </testcase> <!-- MoveToEventPageTest -->
  <testcase classname="eventHubTests.CreateEventPageTest" name="ToCheckEventIsAdded" time="0.0">
    <ignored/>
  </testcase> <!-- ToCheckEventIsAdded -->
  <testcase classname="eventHubTests.CreateEventPageTest" name="CreateNewEventTest" time="0.0">
    <ignored/>
  </testcase> <!-- CreateNewEventTest -->
</testsuite>
