<?xml version="1.0" encoding="UTF-8"?>
<!-- Generated by org.testng.reporters.JUnitXMLReporter -->
<testsuite ignored="0" hostname="administrator" failures="0" tests="5" name="Event PAGE Test" time="10.82" errors="0" timestamp="2026-09-05T15:18:28 IST">
  <testcase classname="eventHubTests.CreateEventPageTest" name="MoveToEventPageTest" time="6.114"/>
  <testcase classname="eventHubTests.CreateEventPageTest" name="EventPageTitleTest" time="0.009"/>
  <testcase classname="eventHubTests.CreateEventPageTest" name="EventPageUrlTest" time="0.003"/>
  <testcase classname="eventHubTests.CreateEventPageTest" name="CreateNewEventTest" time="2.502"/>
  <testcase classname="eventHubTests.CreateEventPageTest" name="ToCheckEventIsAdded" time="0.463"/>
</testsuite> <!-- Event PAGE Test -->
