<?xml version="1.0" encoding="UTF-8"?>
<!-- Generated by org.testng.reporters.JUnitXMLReporter -->
<testsuite ignored="3" hostname="administrator" failures="0" tests="0" time="0.004" errors="0" timestamp="2026-09-05T22:18:53 IST">
  <testcase classname="eventHubTests.HomePageTest" name="LoginSuccessFullToHomePageTest" time="0.0">
    <ignored/>
  </testcase> <!-- LoginSuccessFullToHomePageTest -->
  <testcase classname="eventHubTests.HomePageTest" name="HomepageTitleTest" time="0.0">
    <ignored/>
  </testcase> <!-- HomepageTitleTest -->
  <testcase classname="eventHubTests.HomePageTest" name="HomePageUrlTest" time="0.0">
    <ignored/>
  </testcase> <!-- HomePageUrlTest -->
</testsuite>
