<?xml version="1.0" encoding="UTF-8"?>
<!-- Generated by org.testng.reporters.JUnitXMLReporter -->
<testsuite ignored="3" hostname="administrator" failures="0" tests="0" time="0.003" errors="0" timestamp="2026-09-05T22:18:53 IST">
  <testcase classname="eventHubTests.LoginPageTest" name="LoginPageURLTest" time="0.0">
    <ignored/>
  </testcase> <!-- LoginPageURLTest -->
  <testcase classname="eventHubTests.LoginPageTest" name="LoginToLoginPageTest" time="0.0">
    <ignored/>
  </testcase> <!-- LoginToLoginPageTest -->
  <testcase classname="eventHubTests.LoginPageTest" name="LoginTitlePageTest" time="0.0">
    <ignored/>
  </testcase> <!-- LoginTitlePageTest -->
</testsuite>
