<?xml version="1.0" encoding="UTF-8"?>
<!-- Generated by org.testng.reporters.JUnitXMLReporter -->
<testsuite ignored="0" hostname="administrator" failures="0" tests="3" name="Smoke Test suitet" time="9.862" errors="0" timestamp="2026-09-05T20:20:21 IST">
  <testcase classname="eventHubTests.LoginPageTest" name="LoginTitlePageTest" time="0.145"/>
  <testcase classname="eventHubTests.LoginPageTest" name="LoginPageURLTest" time="0.004"/>
  <testcase classname="eventHubTests.LoginPageTest" name="LoginToLoginPageTest" time="0.264"/>
</testsuite> <!-- Smoke Test suitet -->
