<?xml version="1.0" encoding="UTF-8"?>
<testsuite xmlns:xsi="http://www.w3.org/2001/XMLSchema-instance" xsi:noNamespaceSchemaLocation="https://maven.apache.org/surefire/maven-surefire-plugin/xsd/surefire-test-report.xsd" version="3.0.2" name="eventHubTests.WindowConceptTest" time="13.547" tests="1" errors="0" skipped="0" failures="0" flakes="0">
  <properties>
[...]
</properties>
  <testcase name="getMethod" classname="eventHubTests.WindowConceptTest" time="13.522">
    <system-out><![CDATA[https://rahulshettyacademy.com/loginpagePractise/
https://rahulshettyacademy.com/documents-request
Please email us at mentor@rahulshettyacademy.com with below template to receive response
mentor@rahulshettyacademy.com
]]></system-out>
    <system-err><![CDATA[SLF4J: Failed to load class "org.slf4j.impl.StaticLoggerBinder".
SLF4J: Defaulting to no-operation (NOP) logger implementation
SLF4J: See http://www.slf4j.org/codes.html#StaticLoggerBinder for further details.
]]></system-err>
  </testcase>
</testsuite>