<?xml version="1.0" encoding="UTF-8"?>
<testng-results ignored="0" total="1" passed="1" failed="0" skipped="0">
  <reporter-output>
  </reporter-output>
  <suite started-at="2026-09-06T16:03:53 IST" name="Default suite" finished-at="2026-09-06T16:04:11 IST" duration-ms="17941">
    <groups>
      <group name="smoke">
        <method signature="AlertConceptTest.getMethod()[pri:0, instance:eventHubTests.AlertConceptTest@290222c1]" name="getMethod" class="eventHubTests.AlertConceptTest"/>
      </group> <!-- smoke -->
    </groups>
    <test started-at="2026-09-06T16:03:53 IST" name="Default test" finished-at="2026-09-06T16:04:11 IST" duration-ms="17941">
      <class name="eventHubTests.AlertConceptTest">
        <test-method signature="getMethod()[pri:0, instance:eventHubTests.AlertConceptTest@290222c1]" started-at="2026-09-06T16:03:53 IST" name="getMethod" finished-at="2026-09-06T16:04:11 IST" duration-ms="17848" status="PASS">
          <reporter-output>
          </reporter-output>
        </test-method> <!-- getMethod -->
      </class> <!-- eventHubTests.AlertConceptTest -->
    </test> <!-- Default test -->
  </suite> <!-- Default suite -->
</testng-results>
