<?xml version="1.0" encoding="UTF-8"?>
<!-- Generated by org.testng.reporters.JUnitReportReporter -->
<testsuite hostname="administrator" failures="0" tests="4" name="eventHubTests.EventPageTest" time="9.107" errors="0" timestamp="2026-09-04T12:37:07 IST" skipped="0">
  <testcase classname="eventHubTests.EventPageTest" name="MoveToEventPageTest" time="6.377"/>
  <testcase classname="eventHubTests.EventPageTest" name="EventPageTitleTest" time="0.009"/>
  <testcase classname="eventHubTests.EventPageTest" name="EventPageUrlTest" time="0.003"/>
  <testcase classname="eventHubTests.EventPageTest" name="CreateNewEventTest" time="2.718"/>
</testsuite> <!-- eventHubTests.EventPageTest -->
