<?xml version="1.0" encoding="UTF-8"?>
<!-- Generated by org.testng.reporters.JUnitReportReporter -->
<testsuite hostname="administrator" failures="0" tests="3" name="eventHubTests.HomePageTest" time="4.524" errors="0" timestamp="2026-09-05T22:18:25 IST" skipped="0">
  <testcase classname="eventHubTests.HomePageTest" name="LoginSuccessFullToHomePageTest" time="4.510"/>
  <testcase classname="eventHubTests.HomePageTest" name="HomepageTitleTest" time="0.011"/>
  <testcase classname="eventHubTests.HomePageTest" name="HomePageUrlTest" time="0.003"/>
</testsuite> <!-- eventHubTests.HomePageTest -->
