<?xml version="1.0" encoding="UTF-8"?>
<!-- Generated by org.testng.reporters.JUnitReportReporter -->
<testsuite hostname="administrator" failures="0" tests="5" name="eventHubTests.CreateEventPageTest" time="10.931" errors="0" timestamp="2026-09-05T22:18:25 IST" skipped="0">
  <testcase classname="eventHubTests.CreateEventPageTest" name="MoveToEventPageTest" time="7.703"/>
  <testcase classname="eventHubTests.CreateEventPageTest" name="EventPageTitleTest" time="0.008"/>
  <testcase classname="eventHubTests.CreateEventPageTest" name="EventPageUrlTest" time="0.004"/>
  <testcase classname="eventHubTests.CreateEventPageTest" name="CreateNewEventTest" time="2.823"/>
  <testcase classname="eventHubTests.CreateEventPageTest" name="ToCheckEventIsAdded" time="0.393"/>
</testsuite> <!-- eventHubTests.CreateEventPageTest -->
