<?xml version="1.0" encoding="UTF-8"?>
<!-- Generated by org.testng.reporters.JUnitReportReporter -->
<testsuite hostname="administrator" failures="0" tests="3" name="eventHubTests.LoginPageTest" time="0.465" errors="0" timestamp="2026-09-05T22:18:25 IST" skipped="0">
  <testcase classname="eventHubTests.LoginPageTest" name="LoginTitlePageTest" time="0.025"/>
  <testcase classname="eventHubTests.LoginPageTest" name="LoginPageURLTest" time="0.008"/>
  <testcase classname="eventHubTests.LoginPageTest" name="LoginToLoginPageTest" time="0.432"/>
</testsuite> <!-- eventHubTests.LoginPageTest -->
