<?xml version="1.0" encoding="UTF-8"?>
<!-- Generated by org.testng.reporters.JUnitReportReporter -->
<testsuite hostname="administrator" failures="0" tests="5" name="eventHubTests.CreateEventPageTest" time="10.138" errors="0" timestamp="2026-09-05T14:47:30 IST" skipped="0">
  <testcase classname="eventHubTests.CreateEventPageTest" name="MoveToEventPageTest" time="7.251"/>
  <testcase classname="eventHubTests.CreateEventPageTest" name="EventPageTitleTest" time="0.009"/>
  <testcase classname="eventHubTests.CreateEventPageTest" name="EventPageUrlTest" time="0.001"/>
  <testcase classname="eventHubTests.CreateEventPageTest" name="CreateNewEventTest" time="2.563"/>
  <testcase classname="eventHubTests.CreateEventPageTest" name="ToCheckEventIsAdded" time="0.314"/>
</testsuite> <!-- eventHubTests.CreateEventPageTest -->
